{"src/main.js":{"path":"src/main.js","s":{"1":1,"2":1,"3":10,"4":9,"5":8,"6":5,"7":1,"8":4,"9":3,"10":2,"11":2,"12":2,"13":2,"14":1,"15":9,"16":9,"17":3,"18":3,"19":3,"20":3,"21":9,"22":3},"b":{"1":[5,3],"2":[8,5],"3":[1,4],"4":[2,1],"5":[1,2],"6":[3,2]},"f":{"1":10,"2":9,"3":8,"4":3,"5":3,"6":3},"fnMap":{"1":{"name":"internalInjector","line":6,"loc":{"start":{"line":6,"column":17},"end":{"line":6,"column":72}}},"2":{"name":"(anonymous_2)","line":7,"loc":{"start":{"line":7,"column":8},"end":{"line":7,"column":34}}},"3":{"name":"getService","line":8,"loc":{"start":{"line":8,"column":19},"end":{"line":8,"column":61}}},"4":{"name":"instantiate","line":26,"loc":{"start":{"line":26,"column":20},"end":{"line":26,"column":56}}},"5":{"name":"(anonymous_5)","line":27,"loc":{"start":{"line":27,"column":21},"end":{"line":27,"column":33}}},"6":{"name":"(anonymous_6)","line":43,"loc":{"start":{"line":43,"column":8},"end":{"line":43,"column":24}}}},"statementMap":{"1":{"start":{"line":3,"column":0},"end":{"line":4,"column":41}},"2":{"start":{"line":6,"column":0},"end":{"line":51,"column":2}},"3":{"start":{"line":7,"column":1},"end":{"line":50,"column":3}},"4":{"start":{"line":8,"column":2},"end":{"line":22,"column":4}},"5":{"start":{"line":9,"column":3},"end":{"line":21,"column":4}},"6":{"start":{"line":10,"column":4},"end":{"line":12,"column":5}},"7":{"start":{"line":11,"column":5},"end":{"line":11,"column":72}},"8":{"start":{"line":13,"column":4},"end":{"line":13,"column":30}},"9":{"start":{"line":14,"column":10},"end":{"line":21,"column":4}},"10":{"start":{"line":15,"column":4},"end":{"line":15,"column":30}},"11":{"start":{"line":16,"column":4},"end":{"line":16,"column":46}},"12":{"start":{"line":17,"column":4},"end":{"line":17,"column":54}},"13":{"start":{"line":18,"column":4},"end":{"line":18,"column":30}},"14":{"start":{"line":20,"column":4},"end":{"line":20,"column":18}},"15":{"start":{"line":24,"column":2},"end":{"line":24,"column":37}},"16":{"start":{"line":26,"column":2},"end":{"line":36,"column":4}},"17":{"start":{"line":27,"column":3},"end":{"line":29,"column":18}},"18":{"start":{"line":33,"column":3},"end":{"line":33,"column":90}},"19":{"start":{"line":34,"column":3},"end":{"line":34,"column":32}},"20":{"start":{"line":35,"column":3},"end":{"line":35,"column":42}},"21":{"start":{"line":38,"column":2},"end":{"line":49,"column":4}},"22":{"start":{"line":44,"column":4},"end":{"line":47,"column":6}}},"branchMap":{"1":{"line":9,"type":"if","locations":[{"start":{"line":9,"column":3},"end":{"line":9,"column":3}},{"start":{"line":9,"column":3},"end":{"line":9,"column":3}}]},"2":{"line":9,"type":"binary-expr","locations":[{"start":{"line":9,"column":7},"end":{"line":9,"column":40}},{"start":{"line":9,"column":44},"end":{"line":9,"column":69}}]},"3":{"line":10,"type":"if","locations":[{"start":{"line":10,"column":4},"end":{"line":10,"column":4}},{"start":{"line":10,"column":4},"end":{"line":10,"column":4}}]},"4":{"line":14,"type":"if","locations":[{"start":{"line":14,"column":10},"end":{"line":14,"column":10}},{"start":{"line":14,"column":10},"end":{"line":14,"column":10}}]},"5":{"line":33,"type":"cond-expr","locations":[{"start":{"line":33,"column":50},"end":{"line":33,"column":71}},{"start":{"line":33,"column":74},"end":{"line":33,"column":78}}]},"6":{"line":45,"type":"binary-expr","locations":[{"start":{"line":45,"column":5},"end":{"line":45,"column":63}},{"start":{"line":46,"column":5},"end":{"line":46,"column":31}}]}}}}