{"src/main.js":{"path":"src/main.js","s":{"1":1,"2":1,"3":9,"4":8,"5":7,"6":5,"7":1,"8":4,"9":2,"10":2,"11":2,"12":2,"13":8,"14":8,"15":3,"16":3,"17":3,"18":3,"19":8,"20":3},"b":{"1":[5,2],"2":[1,4],"3":[1,2],"4":[3,2]},"f":{"1":9,"2":8,"3":7,"4":3,"5":3,"6":3},"fnMap":{"1":{"name":"internalInjector","line":6,"loc":{"start":{"line":6,"column":17},"end":{"line":6,"column":72}}},"2":{"name":"(anonymous_2)","line":7,"loc":{"start":{"line":7,"column":8},"end":{"line":7,"column":34}}},"3":{"name":"getService","line":8,"loc":{"start":{"line":8,"column":19},"end":{"line":8,"column":53}}},"4":{"name":"instantiate","line":24,"loc":{"start":{"line":24,"column":20},"end":{"line":24,"column":56}}},"5":{"name":"(anonymous_5)","line":25,"loc":{"start":{"line":25,"column":21},"end":{"line":25,"column":33}}},"6":{"name":"(anonymous_6)","line":41,"loc":{"start":{"line":41,"column":8},"end":{"line":41,"column":24}}}},"statementMap":{"1":{"start":{"line":3,"column":0},"end":{"line":4,"column":41}},"2":{"start":{"line":6,"column":0},"end":{"line":49,"column":2}},"3":{"start":{"line":7,"column":1},"end":{"line":48,"column":3}},"4":{"start":{"line":8,"column":2},"end":{"line":20,"column":4}},"5":{"start":{"line":9,"column":3},"end":{"line":19,"column":4}},"6":{"start":{"line":10,"column":4},"end":{"line":12,"column":5}},"7":{"start":{"line":11,"column":5},"end":{"line":11,"column":72}},"8":{"start":{"line":13,"column":4},"end":{"line":13,"column":30}},"9":{"start":{"line":15,"column":4},"end":{"line":15,"column":30}},"10":{"start":{"line":16,"column":4},"end":{"line":16,"column":46}},"11":{"start":{"line":17,"column":4},"end":{"line":17,"column":46}},"12":{"start":{"line":18,"column":4},"end":{"line":18,"column":30}},"13":{"start":{"line":22,"column":2},"end":{"line":22,"column":37}},"14":{"start":{"line":24,"column":2},"end":{"line":34,"column":4}},"15":{"start":{"line":25,"column":3},"end":{"line":27,"column":18}},"16":{"start":{"line":31,"column":3},"end":{"line":31,"column":90}},"17":{"start":{"line":32,"column":3},"end":{"line":32,"column":32}},"18":{"start":{"line":33,"column":3},"end":{"line":33,"column":42}},"19":{"start":{"line":36,"column":2},"end":{"line":47,"column":4}},"20":{"start":{"line":42,"column":4},"end":{"line":45,"column":6}}},"branchMap":{"1":{"line":9,"type":"if","locations":[{"start":{"line":9,"column":3},"end":{"line":9,"column":3}},{"start":{"line":9,"column":3},"end":{"line":9,"column":3}}]},"2":{"line":10,"type":"if","locations":[{"start":{"line":10,"column":4},"end":{"line":10,"column":4}},{"start":{"line":10,"column":4},"end":{"line":10,"column":4}}]},"3":{"line":31,"type":"cond-expr","locations":[{"start":{"line":31,"column":50},"end":{"line":31,"column":71}},{"start":{"line":31,"column":74},"end":{"line":31,"column":78}}]},"4":{"line":43,"type":"binary-expr","locations":[{"start":{"line":43,"column":5},"end":{"line":43,"column":63}},{"start":{"line":44,"column":5},"end":{"line":44,"column":31}}]}}}}