TN:
SF:src/main.js
FN:6,internalInjector
FN:7,(anonymous_2)
FN:8,getService
FN:24,instantiate
FN:25,(anonymous_5)
FN:41,(anonymous_6)
FNF:6
FNH:6
FNDA:9,internalInjector
FNDA:8,(anonymous_2)
FNDA:7,getService
FNDA:3,instantiate
FNDA:3,(anonymous_5)
FNDA:3,(anonymous_6)
DA:3,1
DA:6,1
DA:7,9
DA:8,8
DA:9,7
DA:10,5
DA:11,1
DA:13,4
DA:15,2
DA:16,2
DA:17,2
DA:18,2
DA:22,8
DA:24,8
DA:25,3
DA:31,3
DA:32,3
DA:33,3
DA:36,8
DA:42,3
LF:20
LH:20
BRDA:9,1,0,5
BRDA:9,1,1,2
BRDA:10,2,0,1
BRDA:10,2,1,4
BRDA:31,3,0,1
BRDA:31,3,1,2
BRDA:43,4,0,3
BRDA:43,4,1,2
BRF:8
BRH:8
end_of_record
