TN:
SF:src/main.js
FN:6,internalInjector
FN:7,(anonymous_2)
FN:8,getService
FN:26,instantiate
FN:27,(anonymous_5)
FN:43,(anonymous_6)
FNF:6
FNH:6
FNDA:10,internalInjector
FNDA:9,(anonymous_2)
FNDA:8,getService
FNDA:3,instantiate
FNDA:3,(anonymous_5)
FNDA:3,(anonymous_6)
DA:3,1
DA:6,1
DA:7,10
DA:8,9
DA:9,8
DA:10,5
DA:11,1
DA:13,4
DA:14,3
DA:15,2
DA:16,2
DA:17,2
DA:18,2
DA:20,1
DA:24,9
DA:26,9
DA:27,3
DA:33,3
DA:34,3
DA:35,3
DA:38,9
DA:44,3
LF:22
LH:22
BRDA:9,1,0,5
BRDA:9,1,1,3
BRDA:9,2,0,8
BRDA:9,2,1,5
BRDA:10,3,0,1
BRDA:10,3,1,4
BRDA:14,4,0,2
BRDA:14,4,1,1
BRDA:33,5,0,1
BRDA:33,5,1,2
BRDA:45,6,0,3
BRDA:45,6,1,2
BRF:12
BRH:12
end_of_record
